Arguments: 
  C:\Program Files\nodejs\node.exe C:\Users\eKasi_TMB_COM00732\AppData\Roaming\npm\node_modules\yarn\bin\yarn.js install

PATH: 
  C:\Users\eKasi_TMB_COM00732\bin;C:\Users\eKasi_TMB_COM00732\AppData\Local\Programs\Git\mingw64\bin;C:\Users\eKasi_TMB_COM00732\AppData\Local\Programs\Git\usr\local\bin;C:\Users\eKasi_TMB_COM00732\AppData\Local\Programs\Git\usr\bin;C:\Users\eKasi_TMB_COM00732\AppData\Local\Programs\Git\usr\bin;C:\Users\eKasi_TMB_COM00732\AppData\Local\Programs\Git\mingw64\bin;C:\Users\eKasi_TMB_COM00732\AppData\Local\Programs\Git\usr\bin;C:\Users\eKasi_TMB_COM00732\bin;C:\Windows\system32;C:\Windows;C:\Windows\System32\Wbem;C:\Windows\System32\WindowsPowerShell\v1.0;C:\Windows\System32\OpenSSH;C:\Program Files\nodejs;C:\Users\eKasi_TMB_COM00732\AppData\Local\Microsoft\WindowsApps;C:\Users\eKasi_TMB_COM00732\AppData\Local\Programs\Microsoft VS Code\bin;C:\Users\eKasi_TMB_COM00732\AppData\Roaming\npm;C:\Users\eKasi_TMB_COM00732\AppData\Local\Programs\Git\cmd;C:\Users\eKasi_TMB_COM00732\AppData\Local\Programs\Git\usr\bin\vendor_perl;C:\Users\eKasi_TMB_COM00732\AppData\Local\Programs\Git\usr\bin\core_perl

Yarn version: 
  1.22.18

Node version: 
  16.15.1

Platform: 
  win32 x64

Trace: 
  Error: https://registry.yarnpkg.com/@expo%2fwebpack-cofig: Not found
      at Request.params.callback [as _callback] (C:\Users\eKasi_TMB_COM00732\AppData\Roaming\npm\node_modules\yarn\lib\cli.js:66138:18)
      at Request.self.callback (C:\Users\eKasi_TMB_COM00732\AppData\Roaming\npm\node_modules\yarn\lib\cli.js:140883:22)
      at Request.emit (node:events:527:28)
      at Request.<anonymous> (C:\Users\eKasi_TMB_COM00732\AppData\Roaming\npm\node_modules\yarn\lib\cli.js:141855:10)
      at Request.emit (node:events:527:28)
      at IncomingMessage.<anonymous> (C:\Users\eKasi_TMB_COM00732\AppData\Roaming\npm\node_modules\yarn\lib\cli.js:141777:12)
      at Object.onceWrapper (node:events:641:28)
      at IncomingMessage.emit (node:events:539:35)
      at endReadableNT (node:internal/streams/readable:1345:12)
      at processTicksAndRejections (node:internal/process/task_queues:83:21)

npm manifest: 
  {
    "name": "birthday",
    "version": "1.0.0",
    "main": "node_modules/expo/AppEntry.js",
    "scripts": {
      "start": "expo start",
      "android": "expo start --android",
      "ios": "expo start --ios",
      "web": "expo start --web"
    },
    "dependencies": {
      "expo": "~46.0.9",
      "expo-status-bar": "~1.4.0",
      "react": "18.0.0",
      "react-native": "0.69.5",
      "react-native-web": "~0.18.7",
      "@expo/webpack-cofig": "^0.17.0n"
    },
    "devDependencies": {
      "@babel/core": "^7.12.9"
    },
    "private": true
  }

yarn manifest: 
  No manifest

Lockfile: 
  No lockfile
